<?xml version="1.0" encoding="UTF-8"?>
<!-- Generated by org.testng.reporters.JUnitReportReporter -->
<testsuite skipped="0" hostname="Mohammeds-MBP" name="com.Homework.runners.TestRunner" tests="2" failures="0" timestamp="2022-05-16T23:00:55 EDT" time="26.557" errors="0">
  <testcase name="runScenario" time="12.087" classname="com.Homework.runners.TestRunner"/>
  <system-out/>
  <testcase name="runScenario" time="14.470" classname="com.Homework.runners.TestRunner"/>
  <system-out/>
</testsuite> <!-- com.Homework.runners.TestRunner -->
